<?xml version="1.0" encoding="UTF-8"?>
<testng-results skipped="17" failed="1" total="19" passed="1">
  <reporter-output>
  </reporter-output>
  <suite name="TestFile" duration-ms="3613" started-at="2018-06-22T08:55:47Z" finished-at="2018-06-22T08:55:50Z">
    <groups>
    </groups>
    <test name="Command line test" duration-ms="3613" started-at="2018-06-22T08:55:47Z" finished-at="2018-06-22T08:55:50Z">
      <class name="TestFile">
        <test-method status="PASS" signature="OpenCourseWebSite()[pri:0, instance:TestFile@f71333]" name="OpenCourseWebSite" is-config="true" duration-ms="3394" started-at="2018-06-22T14:25:47Z" finished-at="2018-06-22T14:25:50Z">
          <reporter-output>
          </reporter-output>
        </test-method> <!-- OpenCourseWebSite -->
        <test-method status="PASS" signature="CourseSelect()[pri:0, instance:TestFile@f71333]" name="CourseSelect" duration-ms="169" started-at="2018-06-22T14:25:50Z" finished-at="2018-06-22T14:25:50Z">
          <reporter-output>
          </reporter-output>
        </test-method> <!-- CourseSelect -->
        <test-method status="FAIL" signature="CheckGridPage()[pri:0, instance:TestFile@f71333]" name="CheckGridPage" duration-ms="36" started-at="2018-06-22T14:25:50Z" depends-on-methods="TestFile.CourseSelect" finished-at="2018-06-22T14:25:50Z">
          <exception class="java.lang.AssertionError">
            <full-stacktrace>
              <![CDATA[java.lang.AssertionError
	at Grid.checkGridPageValidity(Grid.java:26)
	at TestFile.CheckGridPage(TestFile.java:48)
	at sun.reflect.NativeMethodAccessorImpl.invoke0(Native Method)
	at sun.reflect.NativeMethodAccessorImpl.invoke(NativeMethodAccessorImpl.java:62)
	at sun.reflect.DelegatingMethodAccessorImpl.invoke(DelegatingMethodAccessorImpl.java:43)
	at java.lang.reflect.Method.invoke(Method.java:498)
	at org.testng.internal.MethodInvocationHelper.invokeMethod(MethodInvocationHelper.java:80)
	at org.testng.internal.Invoker.invokeMethod(Invoker.java:714)
	at org.testng.internal.Invoker.invokeTestMethod(Invoker.java:901)
	at org.testng.internal.Invoker.invokeTestMethods(Invoker.java:1231)
	at org.testng.internal.TestMethodWorker.invokeTestMethods(TestMethodWorker.java:127)
	at org.testng.internal.TestMethodWorker.run(TestMethodWorker.java:111)
	at org.testng.TestRunner.privateRun(TestRunner.java:767)
	at org.testng.TestRunner.run(TestRunner.java:617)
	at org.testng.SuiteRunner.runTest(SuiteRunner.java:334)
	at org.testng.SuiteRunner.runSequentially(SuiteRunner.java:329)
	at org.testng.SuiteRunner.privateRun(SuiteRunner.java:291)
	at org.testng.SuiteRunner.run(SuiteRunner.java:240)
	at org.testng.SuiteRunnerWorker.runSuite(SuiteRunnerWorker.java:52)
	at org.testng.SuiteRunnerWorker.run(SuiteRunnerWorker.java:86)
	at org.testng.TestNG.runSuitesSequentially(TestNG.java:1198)
	at org.testng.TestNG.runSuitesLocally(TestNG.java:1123)
	at org.testng.TestNG.run(TestNG.java:1031)
	at org.apache.maven.surefire.testng.TestNGExecutor.run(TestNGExecutor.java:70)
	at org.apache.maven.surefire.testng.TestNGDirectoryTestSuite.execute(TestNGDirectoryTestSuite.java:109)
	at org.apache.maven.surefire.testng.TestNGProvider.invoke(TestNGProvider.java:111)
	at sun.reflect.NativeMethodAccessorImpl.invoke0(Native Method)
	at sun.reflect.NativeMethodAccessorImpl.invoke(NativeMethodAccessorImpl.java:62)
	at sun.reflect.DelegatingMethodAccessorImpl.invoke(DelegatingMethodAccessorImpl.java:43)
	at java.lang.reflect.Method.invoke(Method.java:498)
	at org.apache.maven.surefire.util.ReflectionUtils.invokeMethodWithArray(ReflectionUtils.java:164)
	at org.apache.maven.surefire.booter.ProviderFactory$ProviderProxy.invoke(ProviderFactory.java:110)
	at org.apache.maven.surefire.booter.SurefireStarter.invokeProvider(SurefireStarter.java:175)
	at org.apache.maven.surefire.booter.SurefireStarter.runSuitesInProcessWhenForked(SurefireStarter.java:107)
	at org.apache.maven.surefire.booter.ForkedBooter.main(ForkedBooter.java:68)
]]>
            </full-stacktrace>
          </exception> <!-- java.lang.AssertionError -->
          <reporter-output>
          </reporter-output>
        </test-method> <!-- CheckGridPage -->
        <test-method status="SKIP" signature="SelectRedBox()[pri:0, instance:TestFile@f71333]" name="SelectRedBox" duration-ms="0" started-at="2018-06-22T14:25:50Z" depends-on-methods="TestFile.CheckGridPage" finished-at="2018-06-22T14:25:50Z">
          <reporter-output>
          </reporter-output>
        </test-method> <!-- SelectRedBox -->
        <test-method status="SKIP" signature="SelectGreenBox()[pri:0, instance:TestFile@f71333]" name="SelectGreenBox" duration-ms="0" started-at="2018-06-22T14:25:50Z" depends-on-methods="TestFile.CheckGridPage" finished-at="2018-06-22T14:25:50Z">
          <reporter-output>
          </reporter-output>
        </test-method> <!-- SelectGreenBox -->
        <test-method status="SKIP" signature="CheckMatchPage()[pri:0, instance:TestFile@f71333]" name="CheckMatchPage" duration-ms="1" started-at="2018-06-22T14:25:50Z" depends-on-methods="TestFile.SelectGreenBox" finished-at="2018-06-22T14:25:50Z">
          <reporter-output>
          </reporter-output>
        </test-method> <!-- CheckMatchPage -->
        <test-method status="SKIP" signature="CheckDragPage()[pri:0, instance:TestFile@f71333]" name="CheckDragPage" duration-ms="0" started-at="2018-06-22T14:25:50Z" depends-on-methods="TestFile.BoxesMatched" finished-at="2018-06-22T14:25:50Z">
          <reporter-output>
          </reporter-output>
        </test-method> <!-- CheckDragPage -->
        <test-method status="SKIP" signature="UnsuccessfulDrag()[pri:0, instance:TestFile@f71333]" name="UnsuccessfulDrag" duration-ms="0" started-at="2018-06-22T14:25:50Z" depends-on-methods="TestFile.CheckDragPage" finished-at="2018-06-22T14:25:50Z">
          <reporter-output>
          </reporter-output>
        </test-method> <!-- UnsuccessfulDrag -->
        <test-method status="SKIP" signature="BoxNonMatched()[pri:0, instance:TestFile@f71333]" name="BoxNonMatched" duration-ms="0" started-at="2018-06-22T14:25:50Z" depends-on-methods="TestFile.CheckMatchPage" finished-at="2018-06-22T14:25:50Z">
          <reporter-output>
          </reporter-output>
        </test-method> <!-- BoxNonMatched -->
        <test-method status="SKIP" signature="BoxesMatched()[pri:0, instance:TestFile@f71333]" name="BoxesMatched" duration-ms="0" started-at="2018-06-22T14:25:50Z" depends-on-methods="TestFile.CheckMatchPage" finished-at="2018-06-22T14:25:50Z">
          <reporter-output>
          </reporter-output>
        </test-method> <!-- BoxesMatched -->
        <test-method status="SKIP" signature="SuccessfulDrag()[pri:0, instance:TestFile@f71333]" name="SuccessfulDrag" duration-ms="1" started-at="2018-06-22T14:25:50Z" depends-on-methods="TestFile.CheckDragPage" finished-at="2018-06-22T14:25:50Z">
          <reporter-output>
          </reporter-output>
        </test-method> <!-- SuccessfulDrag -->
        <test-method status="SKIP" signature="CheckErrorPage()[pri:0, instance:TestFile@f71333]" name="CheckErrorPage" duration-ms="0" started-at="2018-06-22T14:25:50Z" depends-on-methods="TestFile.SelectRedBox" finished-at="2018-06-22T14:25:50Z">
          <reporter-output>
          </reporter-output>
        </test-method> <!-- CheckErrorPage -->
        <test-method status="SKIP" signature="OpenPopupSuccessfully()[pri:0, instance:TestFile@f71333]" name="OpenPopupSuccessfully" duration-ms="0" started-at="2018-06-22T14:25:50Z" depends-on-methods="TestFile.CheckPopupPageValidity" finished-at="2018-06-22T14:25:50Z">
          <reporter-output>
          </reporter-output>
        </test-method> <!-- OpenPopupSuccessfully -->
        <test-method status="SKIP" signature="EmptyStringPassed()[pri:0, instance:TestFile@f71333]" name="EmptyStringPassed" duration-ms="1" started-at="2018-06-22T14:25:50Z" depends-on-methods="TestFile.CheckPopupWindowValidity" finished-at="2018-06-22T14:25:50Z">
          <reporter-output>
          </reporter-output>
        </test-method> <!-- EmptyStringPassed -->
        <test-method status="SKIP" signature="ProceedNextDirectlyFromPopupPage()[pri:0, instance:TestFile@f71333]" name="ProceedNextDirectlyFromPopupPage" duration-ms="0" started-at="2018-06-22T14:25:50Z" depends-on-methods="TestFile.CheckPopupPageValidity" finished-at="2018-06-22T14:25:50Z">
          <reporter-output>
          </reporter-output>
        </test-method> <!-- ProceedNextDirectlyFromPopupPage -->
        <test-method status="SKIP" signature="CheckPopupWindowValidity()[pri:0, instance:TestFile@f71333]" name="CheckPopupWindowValidity" duration-ms="0" started-at="2018-06-22T14:25:50Z" depends-on-methods="TestFile.OpenPopupSuccessfully" finished-at="2018-06-22T14:25:50Z">
          <reporter-output>
          </reporter-output>
        </test-method> <!-- CheckPopupWindowValidity -->
        <test-method status="SKIP" signature="CheckPopupPageValidity()[pri:0, instance:TestFile@f71333]" name="CheckPopupPageValidity" duration-ms="0" started-at="2018-06-22T14:25:50Z" depends-on-methods="TestFile.SuccessfulDrag" finished-at="2018-06-22T14:25:50Z">
          <reporter-output>
          </reporter-output>
        </test-method> <!-- CheckPopupPageValidity -->
        <test-method status="SKIP" signature="CheckCookiePageValidity()[pri:0, instance:TestFile@f71333]" name="CheckCookiePageValidity" duration-ms="0" started-at="2018-06-22T14:25:50Z" depends-on-methods="TestFile.ValidStringPassed" finished-at="2018-06-22T14:25:50Z">
          <reporter-output>
          </reporter-output>
        </test-method> <!-- CheckCookiePageValidity -->
        <test-method status="SKIP" signature="ValidStringPassed()[pri:0, instance:TestFile@f71333]" name="ValidStringPassed" duration-ms="0" started-at="2018-06-22T14:25:50Z" depends-on-methods="TestFile.CheckPopupWindowValidity" finished-at="2018-06-22T14:25:50Z">
          <reporter-output>
          </reporter-output>
        </test-method> <!-- ValidStringPassed -->
        <test-method status="SKIP" signature="mm()[pri:0, instance:TestFile@f71333]" name="mm" duration-ms="0" started-at="2018-06-22T14:25:50Z" depends-on-methods="TestFile.CheckCookiePageValidity" finished-at="2018-06-22T14:25:50Z">
          <reporter-output>
          </reporter-output>
        </test-method> <!-- mm -->
      </class> <!-- TestFile -->
    </test> <!-- Command line test -->
  </suite> <!-- TestFile -->
</testng-results>
