<?xml version="1.0" encoding="UTF-8"?>
<!-- Generated by org.testng.reporters.JUnitReportReporter -->
<testsuite hostname="DLDA0016" name="TestFile" tests="19" failures="17" timestamp="22 Jun 2018 08:55:50 GMT" time="0.208" errors="1">
  <testcase name="OpenPopupSuccessfully" time="0.000" classname="TestFile"/>
  <testcase name="CheckCookiePageValidity" time="0.000" classname="TestFile"/>
  <testcase name="SelectRedBox" time="0.000" classname="TestFile"/>
  <testcase name="CheckGridPage" time="0.036" classname="TestFile">
    <error type="java.lang.AssertionError">
      <![CDATA[java.lang.AssertionError
	at Grid.checkGridPageValidity(Grid.java:26)
	at TestFile.CheckGridPage(TestFile.java:48)
	at sun.reflect.NativeMethodAccessorImpl.invoke0(Native Method)
	at sun.reflect.NativeMethodAccessorImpl.invoke(NativeMethodAccessorImpl.java:62)
	at sun.reflect.DelegatingMethodAccessorImpl.invoke(DelegatingMethodAccessorImpl.java:43)
	at java.lang.reflect.Method.invoke(Method.java:498)
	at org.testng.internal.MethodInvocationHelper.invokeMethod(MethodInvocationHelper.java:80)
	at org.testng.internal.Invoker.invokeMethod(Invoker.java:714)
	at org.testng.internal.Invoker.invokeTestMethod(Invoker.java:901)
	at org.testng.internal.Invoker.invokeTestMethods(Invoker.java:1231)
	at org.testng.internal.TestMethodWorker.invokeTestMethods(TestMethodWorker.java:127)
	at org.testng.internal.TestMethodWorker.run(TestMethodWorker.java:111)
	at org.testng.TestRunner.privateRun(TestRunner.java:767)
	at org.testng.TestRunner.run(TestRunner.java:617)
	at org.testng.SuiteRunner.runTest(SuiteRunner.java:334)
	at org.testng.SuiteRunner.runSequentially(SuiteRunner.java:329)
	at org.testng.SuiteRunner.privateRun(SuiteRunner.java:291)
	at org.testng.SuiteRunner.run(SuiteRunner.java:240)
	at org.testng.SuiteRunnerWorker.runSuite(SuiteRunnerWorker.java:52)
	at org.testng.SuiteRunnerWorker.run(SuiteRunnerWorker.java:86)
	at org.testng.TestNG.runSuitesSequentially(TestNG.java:1198)
	at org.testng.TestNG.runSuitesLocally(TestNG.java:1123)
	at org.testng.TestNG.run(TestNG.java:1031)
	at org.apache.maven.surefire.testng.TestNGExecutor.run(TestNGExecutor.java:70)
	at org.apache.maven.surefire.testng.TestNGDirectoryTestSuite.execute(TestNGDirectoryTestSuite.java:109)
	at org.apache.maven.surefire.testng.TestNGProvider.invoke(TestNGProvider.java:111)
	at sun.reflect.NativeMethodAccessorImpl.invoke0(Native Method)
	at sun.reflect.NativeMethodAccessorImpl.invoke(NativeMethodAccessorImpl.java:62)
	at sun.reflect.DelegatingMethodAccessorImpl.invoke(DelegatingMethodAccessorImpl.java:43)
	at java.lang.reflect.Method.invoke(Method.java:498)
	at org.apache.maven.surefire.util.ReflectionUtils.invokeMethodWithArray(ReflectionUtils.java:164)
	at org.apache.maven.surefire.booter.ProviderFactory$ProviderProxy.invoke(ProviderFactory.java:110)
	at org.apache.maven.surefire.booter.SurefireStarter.invokeProvider(SurefireStarter.java:175)
	at org.apache.maven.surefire.booter.SurefireStarter.runSuitesInProcessWhenForked(SurefireStarter.java:107)
	at org.apache.maven.surefire.booter.ForkedBooter.main(ForkedBooter.java:68)
]]>
    </error>
  </testcase> <!-- CheckGridPage -->
  <testcase name="SelectGreenBox" time="0.000" classname="TestFile"/>
  <testcase name="CheckDragPage" time="0.000" classname="TestFile"/>
  <testcase name="CourseSelect" time="0.169" classname="TestFile"/>
  <testcase name="UnsuccessfulDrag" time="0.000" classname="TestFile"/>
  <testcase name="BoxNonMatched" time="0.000" classname="TestFile"/>
  <testcase name="EmptyStringPassed" time="0.001" classname="TestFile"/>
  <testcase name="BoxesMatched" time="0.000" classname="TestFile"/>
  <testcase name="ProceedNextDirectlyFromPopupPage" time="0.000" classname="TestFile"/>
  <testcase name="ValidStringPassed" time="0.000" classname="TestFile"/>
  <testcase name="CheckMatchPage" time="0.001" classname="TestFile"/>
  <testcase name="SuccessfulDrag" time="0.001" classname="TestFile"/>
  <testcase name="CheckPopupWindowValidity" time="0.000" classname="TestFile"/>
  <testcase name="CheckPopupPageValidity" time="0.000" classname="TestFile"/>
  <testcase name="CheckErrorPage" time="0.000" classname="TestFile"/>
  <testcase name="mm" time="0.000" classname="TestFile"/>
</testsuite> <!-- TestFile -->
